<?xml version="1.0" encoding="UTF-8"?>
<coverage generated="1617195575047" clover="3.2.0">
  <project timestamp="1617195575047" name="All files">
    <metrics statements="115" coveredstatements="115" conditionals="43" coveredconditionals="39" methods="33" coveredmethods="33" elements="191" coveredelements="187" complexity="0" loc="115" ncloc="115" packages="2" files="10" classes="10"/>
    <package name="mock">
      <metrics statements="0" coveredstatements="0" conditionals="0" coveredconditionals="0" methods="0" coveredmethods="0"/>
      <file name="empty-list.ts" path="C:\Projects\ncn\packages\ncore-api\mock\empty-list.ts">
        <metrics statements="0" coveredstatements="0" conditionals="0" coveredconditionals="0" methods="0" coveredmethods="0"/>
      </file>
      <file name="index.ts" path="C:\Projects\ncn\packages\ncore-api\mock\index.ts">
        <metrics statements="0" coveredstatements="0" conditionals="0" coveredconditionals="0" methods="0" coveredmethods="0"/>
      </file>
      <file name="last-page.ts" path="C:\Projects\ncn\packages\ncore-api\mock\last-page.ts">
        <metrics statements="0" coveredstatements="0" conditionals="0" coveredconditionals="0" methods="0" coveredmethods="0"/>
      </file>
      <file name="malformed-row.ts" path="C:\Projects\ncn\packages\ncore-api\mock\malformed-row.ts">
        <metrics statements="0" coveredstatements="0" conditionals="0" coveredconditionals="0" methods="0" coveredmethods="0"/>
      </file>
      <file name="mixed-list.ts" path="C:\Projects\ncn\packages\ncore-api\mock\mixed-list.ts">
        <metrics statements="0" coveredstatements="0" conditionals="0" coveredconditionals="0" methods="0" coveredmethods="0"/>
      </file>
      <file name="profile.ts" path="C:\Projects\ncn\packages\ncore-api\mock\profile.ts">
        <metrics statements="0" coveredstatements="0" conditionals="0" coveredconditionals="0" methods="0" coveredmethods="0"/>
      </file>
      <file name="torrent-list.ts" path="C:\Projects\ncn\packages\ncore-api\mock\torrent-list.ts">
        <metrics statements="0" coveredstatements="0" conditionals="0" coveredconditionals="0" methods="0" coveredmethods="0"/>
      </file>
      <file name="torrent-row.ts" path="C:\Projects\ncn\packages\ncore-api\mock\torrent-row.ts">
        <metrics statements="0" coveredstatements="0" conditionals="0" coveredconditionals="0" methods="0" coveredmethods="0"/>
      </file>
    </package>
    <package name="src">
      <metrics statements="115" coveredstatements="115" conditionals="43" coveredconditionals="39" methods="33" coveredmethods="33"/>
      <file name="api.ts" path="C:\Projects\ncn\packages\ncore-api\src\api.ts">
        <metrics statements="22" coveredstatements="22" conditionals="7" coveredconditionals="6" methods="8" coveredmethods="8"/>
        <line num="4" count="1" type="stmt"/>
        <line num="5" count="1" type="stmt"/>
        <line num="8" count="3" type="stmt"/>
        <line num="13" count="14" type="stmt"/>
        <line num="17" count="3" type="stmt"/>
        <line num="19" count="3" type="stmt"/>
        <line num="20" count="13" type="cond" truecount="2" falsecount="0"/>
        <line num="21" count="1" type="stmt"/>
        <line num="24" count="12" type="cond" truecount="2" falsecount="0"/>
        <line num="25" count="3" type="stmt"/>
        <line num="26" count="5" type="stmt"/>
        <line num="29" count="9" type="stmt"/>
        <line num="33" count="3" type="stmt"/>
        <line num="37" count="1" type="stmt"/>
        <line num="38" count="1" type="stmt"/>
        <line num="44" count="2" type="cond" truecount="2" falsecount="0"/>
        <line num="45" count="1" type="stmt"/>
        <line num="47" count="1" type="stmt"/>
        <line num="50" count="2" type="stmt"/>
        <line num="63" count="2" type="stmt"/>
        <line num="81" count="1" type="stmt"/>
        <line num="92" count="1" type="stmt"/>
      </file>
      <file name="scraper.ts" path="C:\Projects\ncn\packages\ncore-api\src\scraper.ts">
        <metrics statements="93" coveredstatements="93" conditionals="36" coveredconditionals="33" methods="25" coveredmethods="25"/>
        <line num="7" count="2" type="stmt"/>
        <line num="8" count="2" type="stmt"/>
        <line num="32" count="6" type="stmt"/>
        <line num="37" count="119" type="stmt"/>
        <line num="41" count="118" type="stmt"/>
        <line num="45" count="676" type="cond" truecount="2" falsecount="0"/>
        <line num="46" count="656" type="stmt"/>
        <line num="49" count="20" type="stmt"/>
        <line num="53" count="106" type="stmt"/>
        <line num="57" count="106" type="cond" truecount="2" falsecount="0"/>
        <line num="61" count="118" type="stmt"/>
        <line num="65" count="118" type="stmt"/>
        <line num="69" count="118" type="stmt"/>
        <line num="70" count="118" type="stmt"/>
        <line num="74" count="118" type="stmt"/>
        <line num="78" count="118" type="stmt"/>
        <line num="82" count="3" type="stmt"/>
        <line num="86" count="104" type="stmt"/>
        <line num="87" count="104" type="cond" truecount="1" falsecount="1"/>
        <line num="91" count="119" type="stmt"/>
        <line num="93" count="119" type="cond" truecount="2" falsecount="0"/>
        <line num="94" count="1" type="stmt"/>
        <line num="97" count="118" type="stmt"/>
        <line num="101" count="120" type="stmt"/>
        <line num="103" count="120" type="cond" truecount="2" falsecount="0"/>
        <line num="104" count="2" type="stmt"/>
        <line num="107" count="118" type="stmt"/>
        <line num="111" count="110" type="stmt"/>
        <line num="117" count="110" type="cond" truecount="1" falsecount="1"/>
        <line num="122" count="104" type="stmt"/>
        <line num="123" count="104" type="cond" truecount="2" falsecount="0"/>
        <line num="132" count="340" type="stmt"/>
        <line num="136" count="6" type="cond" truecount="2" falsecount="0"/>
        <line num="137" count="3" type="stmt"/>
        <line num="140" count="3" type="stmt"/>
        <line num="141" count="3" type="stmt"/>
        <line num="143" count="3" type="cond" truecount="1" falsecount="1"/>
        <line num="145" count="3" type="stmt"/>
        <line num="146" count="3" type="cond" truecount="2" falsecount="0"/>
        <line num="147" count="1" type="stmt"/>
        <line num="151" count="3" type="stmt"/>
        <line num="155" count="119" type="stmt"/>
        <line num="172" count="119" type="stmt"/>
        <line num="175" count="119" type="stmt"/>
        <line num="176" count="119" type="stmt"/>
        <line num="179" count="118" type="stmt"/>
        <line num="180" count="118" type="stmt"/>
        <line num="181" count="118" type="stmt"/>
        <line num="182" count="118" type="stmt"/>
        <line num="184" count="118" type="stmt"/>
        <line num="185" count="118" type="cond" truecount="2" falsecount="0"/>
        <line num="187" count="118" type="cond" truecount="2" falsecount="0"/>
        <line num="188" count="5" type="stmt"/>
        <line num="193" count="118" type="stmt"/>
        <line num="195" count="118" type="stmt"/>
        <line num="197" count="118" type="stmt"/>
        <line num="200" count="118" type="stmt"/>
        <line num="201" count="118" type="cond" truecount="2" falsecount="0"/>
        <line num="202" count="110" type="stmt"/>
        <line num="203" count="110" type="stmt"/>
        <line num="207" count="118" type="stmt"/>
        <line num="209" count="118" type="cond" truecount="2" falsecount="0"/>
        <line num="210" count="106" type="stmt"/>
        <line num="211" count="106" type="stmt"/>
        <line num="212" count="106" type="stmt"/>
        <line num="216" count="106" type="stmt"/>
        <line num="218" count="106" type="cond" truecount="2" falsecount="0"/>
        <line num="220" count="104" type="stmt"/>
        <line num="221" count="104" type="stmt"/>
        <line num="224" count="104" type="stmt"/>
        <line num="228" count="118" type="stmt"/>
        <line num="231" count="118" type="cond" truecount="2" falsecount="0"/>
        <line num="232" count="12" type="stmt"/>
        <line num="235" count="118" type="stmt"/>
        <line num="239" count="12" type="stmt"/>
        <line num="241" count="12" type="cond" truecount="2" falsecount="0"/>
        <line num="242" count="11" type="stmt"/>
        <line num="245" count="1" type="stmt"/>
        <line num="249" count="7" type="cond" truecount="2" falsecount="0"/>
        <line num="251" count="6" type="stmt"/>
        <line num="252" count="6" type="stmt"/>
        <line num="254" count="6" type="stmt"/>
        <line num="255" count="117" type="stmt"/>
        <line num="257" count="117" type="stmt"/>
        <line num="258" count="117" type="stmt"/>
        <line num="260" count="116" type="stmt"/>
        <line num="267" count="6" type="stmt"/>
        <line num="268" count="6" type="stmt"/>
        <line num="270" count="6" type="stmt"/>
        <line num="277" count="22" type="stmt"/>
        <line num="281" count="4" type="stmt"/>
        <line num="282" count="4" type="stmt"/>
        <line num="283" count="4" type="stmt"/>
      </file>
    </package>
  </project>
</coverage>
