<?xml version="1.0" encoding="UTF-8"?>
<coverage generated="1616418816560" clover="3.2.0">
  <project timestamp="1616418816560" name="All files">
    <metrics statements="130" coveredstatements="130" conditionals="65" coveredconditionals="62" methods="34" coveredmethods="34" elements="229" coveredelements="226" complexity="0" loc="130" ncloc="130" packages="2" files="7" classes="7"/>
    <package name="src">
      <metrics statements="130" coveredstatements="130" conditionals="65" coveredconditionals="62" methods="34" coveredmethods="34"/>
      <file name="parser.ts" path="C:\Projects\ncn\packages\ncore-api\src\parser.ts">
        <metrics statements="37" coveredstatements="37" conditionals="29" coveredconditionals="29" methods="9" coveredmethods="9"/>
        <line num="15" count="127" type="stmt"/>
        <line num="16" count="127" type="cond" truecount="6" falsecount="0"/>
        <line num="20" count="2" type="stmt"/>
        <line num="21" count="2" type="stmt"/>
        <line num="22" count="2" type="stmt"/>
        <line num="31" count="124" type="stmt"/>
        <line num="32" count="124" type="cond" truecount="2" falsecount="0"/>
        <line num="33" count="71" type="stmt"/>
        <line num="34" count="284" type="cond" truecount="2" falsecount="0"/>
        <line num="39" count="53" type="stmt"/>
        <line num="53" count="121" type="stmt"/>
        <line num="55" count="121" type="cond" truecount="2" falsecount="0"/>
        <line num="56" count="31" type="stmt"/>
        <line num="59" count="90" type="stmt"/>
        <line num="61" count="90" type="cond" truecount="4" falsecount="0"/>
        <line num="74" count="120" type="stmt"/>
        <line num="75" count="120" type="cond" truecount="4" falsecount="0"/>
        <line num="86" count="2" type="stmt"/>
        <line num="88" count="2" type="stmt"/>
        <line num="89" count="24" type="stmt"/>
        <line num="92" count="2" type="stmt"/>
        <line num="113" count="15" type="stmt"/>
        <line num="114" count="15" type="cond" truecount="2" falsecount="0"/>
        <line num="115" count="2" type="stmt"/>
        <line num="123" count="13" type="stmt"/>
        <line num="124" count="13" type="cond" truecount="2" falsecount="0"/>
        <line num="125" count="4" type="stmt"/>
        <line num="127" count="6" type="stmt"/>
        <line num="129" count="4" type="stmt"/>
        <line num="149" count="9" type="stmt"/>
        <line num="150" count="9" type="cond" truecount="2" falsecount="0"/>
        <line num="151" count="7" type="stmt"/>
        <line num="159" count="2" type="stmt"/>
        <line num="160" count="2" type="cond" truecount="2" falsecount="0"/>
        <line num="161" count="1" type="stmt"/>
        <line num="168" count="1" type="stmt"/>
        <line num="172" count="118" type="stmt"/>
      </file>
      <file name="scraper.ts" path="C:\Projects\ncn\packages\ncore-api\src\scraper.ts">
        <metrics statements="93" coveredstatements="93" conditionals="36" coveredconditionals="33" methods="25" coveredmethods="25"/>
        <line num="7" count="1" type="stmt"/>
        <line num="8" count="1" type="stmt"/>
        <line num="32" count="4" type="stmt"/>
        <line num="37" count="119" type="stmt"/>
        <line num="41" count="118" type="stmt"/>
        <line num="45" count="676" type="cond" truecount="2" falsecount="0"/>
        <line num="46" count="656" type="stmt"/>
        <line num="49" count="20" type="stmt"/>
        <line num="53" count="106" type="stmt"/>
        <line num="57" count="106" type="cond" truecount="2" falsecount="0"/>
        <line num="61" count="118" type="stmt"/>
        <line num="65" count="118" type="stmt"/>
        <line num="69" count="118" type="stmt"/>
        <line num="70" count="118" type="stmt"/>
        <line num="74" count="118" type="stmt"/>
        <line num="78" count="118" type="stmt"/>
        <line num="82" count="3" type="stmt"/>
        <line num="86" count="104" type="stmt"/>
        <line num="87" count="104" type="cond" truecount="1" falsecount="1"/>
        <line num="91" count="119" type="stmt"/>
        <line num="93" count="119" type="cond" truecount="2" falsecount="0"/>
        <line num="94" count="1" type="stmt"/>
        <line num="97" count="118" type="stmt"/>
        <line num="101" count="120" type="stmt"/>
        <line num="103" count="120" type="cond" truecount="2" falsecount="0"/>
        <line num="104" count="2" type="stmt"/>
        <line num="107" count="118" type="stmt"/>
        <line num="111" count="110" type="stmt"/>
        <line num="117" count="110" type="cond" truecount="1" falsecount="1"/>
        <line num="122" count="104" type="stmt"/>
        <line num="123" count="104" type="cond" truecount="2" falsecount="0"/>
        <line num="132" count="340" type="stmt"/>
        <line num="136" count="4" type="cond" truecount="2" falsecount="0"/>
        <line num="137" count="1" type="stmt"/>
        <line num="140" count="3" type="stmt"/>
        <line num="141" count="3" type="stmt"/>
        <line num="143" count="3" type="cond" truecount="1" falsecount="1"/>
        <line num="145" count="3" type="stmt"/>
        <line num="146" count="3" type="cond" truecount="2" falsecount="0"/>
        <line num="147" count="1" type="stmt"/>
        <line num="151" count="3" type="stmt"/>
        <line num="155" count="119" type="stmt"/>
        <line num="172" count="119" type="stmt"/>
        <line num="175" count="119" type="stmt"/>
        <line num="176" count="119" type="stmt"/>
        <line num="179" count="118" type="stmt"/>
        <line num="180" count="118" type="stmt"/>
        <line num="181" count="118" type="stmt"/>
        <line num="182" count="118" type="stmt"/>
        <line num="184" count="118" type="stmt"/>
        <line num="185" count="118" type="cond" truecount="2" falsecount="0"/>
        <line num="187" count="118" type="cond" truecount="2" falsecount="0"/>
        <line num="188" count="5" type="stmt"/>
        <line num="193" count="118" type="stmt"/>
        <line num="195" count="118" type="stmt"/>
        <line num="197" count="118" type="stmt"/>
        <line num="200" count="118" type="stmt"/>
        <line num="201" count="118" type="cond" truecount="2" falsecount="0"/>
        <line num="202" count="110" type="stmt"/>
        <line num="203" count="110" type="stmt"/>
        <line num="207" count="118" type="stmt"/>
        <line num="209" count="118" type="cond" truecount="2" falsecount="0"/>
        <line num="210" count="106" type="stmt"/>
        <line num="211" count="106" type="stmt"/>
        <line num="212" count="106" type="stmt"/>
        <line num="216" count="106" type="stmt"/>
        <line num="218" count="106" type="cond" truecount="2" falsecount="0"/>
        <line num="220" count="104" type="stmt"/>
        <line num="221" count="104" type="stmt"/>
        <line num="224" count="104" type="stmt"/>
        <line num="228" count="118" type="stmt"/>
        <line num="231" count="118" type="cond" truecount="2" falsecount="0"/>
        <line num="232" count="12" type="stmt"/>
        <line num="235" count="118" type="stmt"/>
        <line num="239" count="12" type="stmt"/>
        <line num="241" count="12" type="cond" truecount="2" falsecount="0"/>
        <line num="242" count="11" type="stmt"/>
        <line num="245" count="1" type="stmt"/>
        <line num="249" count="5" type="cond" truecount="2" falsecount="0"/>
        <line num="251" count="4" type="stmt"/>
        <line num="252" count="4" type="stmt"/>
        <line num="254" count="4" type="stmt"/>
        <line num="255" count="117" type="stmt"/>
        <line num="257" count="117" type="stmt"/>
        <line num="258" count="117" type="stmt"/>
        <line num="260" count="116" type="stmt"/>
        <line num="267" count="4" type="stmt"/>
        <line num="268" count="4" type="stmt"/>
        <line num="270" count="4" type="stmt"/>
        <line num="277" count="11" type="stmt"/>
        <line num="281" count="1" type="stmt"/>
        <line num="282" count="1" type="stmt"/>
        <line num="283" count="1" type="stmt"/>
      </file>
    </package>
    <package name="src.mock">
      <metrics statements="0" coveredstatements="0" conditionals="0" coveredconditionals="0" methods="0" coveredmethods="0"/>
      <file name="empty-list.ts" path="C:\Projects\ncn\packages\ncore-api\src\mock\empty-list.ts">
        <metrics statements="0" coveredstatements="0" conditionals="0" coveredconditionals="0" methods="0" coveredmethods="0"/>
      </file>
      <file name="last-page.ts" path="C:\Projects\ncn\packages\ncore-api\src\mock\last-page.ts">
        <metrics statements="0" coveredstatements="0" conditionals="0" coveredconditionals="0" methods="0" coveredmethods="0"/>
      </file>
      <file name="mixed-list.ts" path="C:\Projects\ncn\packages\ncore-api\src\mock\mixed-list.ts">
        <metrics statements="0" coveredstatements="0" conditionals="0" coveredconditionals="0" methods="0" coveredmethods="0"/>
      </file>
      <file name="profile.ts" path="C:\Projects\ncn\packages\ncore-api\src\mock\profile.ts">
        <metrics statements="0" coveredstatements="0" conditionals="0" coveredconditionals="0" methods="0" coveredmethods="0"/>
      </file>
      <file name="torrent-list.ts" path="C:\Projects\ncn\packages\ncore-api\src\mock\torrent-list.ts">
        <metrics statements="0" coveredstatements="0" conditionals="0" coveredconditionals="0" methods="0" coveredmethods="0"/>
      </file>
    </package>
  </project>
</coverage>
