{"C:\\Projects\\ncn\\packages\\ncore-api\\mock\\index.ts": {"path":"C:\\Projects\\ncn\\packages\\ncore-api\\mock\\index.ts","statementMap":{},"fnMap":{},"branchMap":{},"s":{},"f":{},"b":{},"_coverageSchema":"1a1c01bbd47fc00a2c39e90264f33305004495a9","hash":"4a0588e248e1b16f1c0527d618d04430aceaf44f"}
,"C:\\Projects\\ncn\\packages\\ncore-api\\src\\api.ts": {"path":"C:\\Projects\\ncn\\packages\\ncore-api\\src\\api.ts","statementMap":{"0":{"start":{"line":4,"column":27},"end":{"line":4,"column":53}},"1":{"start":{"line":5,"column":28},"end":{"line":5,"column":44}},"2":{"start":{"line":8,"column":1},"end":{"line":8,"column":34}},"3":{"start":{"line":13,"column":1},"end":{"line":13,"column":47}},"4":{"start":{"line":17,"column":15},"end":{"line":17,"column":17}},"5":{"start":{"line":19,"column":1},"end":{"line":31,"column":2}},"6":{"start":{"line":20,"column":2},"end":{"line":22,"column":3}},"7":{"start":{"line":21,"column":3},"end":{"line":21,"column":12}},"8":{"start":{"line":24,"column":2},"end":{"line":30,"column":3}},"9":{"start":{"line":25,"column":3},"end":{"line":27,"column":4}},"10":{"start":{"line":26,"column":4},"end":{"line":26,"column":52}},"11":{"start":{"line":29,"column":3},"end":{"line":29,"column":58}},"12":{"start":{"line":33,"column":1},"end":{"line":33,"column":26}},"13":{"start":{"line":37,"column":14},"end":{"line":37,"column":53}},"14":{"start":{"line":38,"column":1},"end":{"line":38,"column":26}},"15":{"start":{"line":44,"column":1},"end":{"line":48,"column":2}},"16":{"start":{"line":45,"column":2},"end":{"line":45,"column":35}},"17":{"start":{"line":47,"column":2},"end":{"line":47,"column":36}},"18":{"start":{"line":50,"column":1},"end":{"line":50,"column":45}},"19":{"start":{"line":63,"column":1},"end":{"line":63,"column":58}},"20":{"start":{"line":81,"column":1},"end":{"line":88,"column":4}},"21":{"start":{"line":92,"column":1},"end":{"line":98,"column":4}}},"fnMap":{"0":{"name":"fetchHTML","decl":{"start":{"line":7,"column":15},"end":{"line":7,"column":24}},"loc":{"start":{"line":7,"column":38},"end":{"line":9,"column":1}},"line":7},"1":{"name":"encodePair","decl":{"start":{"line":12,"column":9},"end":{"line":12,"column":19}},"loc":{"start":{"line":12,"column":47},"end":{"line":14,"column":1}},"line":12},"2":{"name":"objectToUri","decl":{"start":{"line":16,"column":16},"end":{"line":16,"column":27}},"loc":{"start":{"line":16,"column":49},"end":{"line":34,"column":1}},"line":16},"3":{"name":"getPassKey","decl":{"start":{"line":36,"column":22},"end":{"line":36,"column":32}},"loc":{"start":{"line":36,"column":52},"end":{"line":39,"column":1}},"line":36},"4":{"name":"getTorrents","decl":{"start":{"line":41,"column":22},"end":{"line":41,"column":33}},"loc":{"start":{"line":41,"column":109},"end":{"line":51,"column":1}},"line":41},"5":{"name":"fetchTorrents","decl":{"start":{"line":62,"column":22},"end":{"line":62,"column":35}},"loc":{"start":{"line":62,"column":80},"end":{"line":64,"column":1}},"line":62},"6":{"name":"fetchByTitle","decl":{"start":{"line":80,"column":22},"end":{"line":80,"column":34}},"loc":{"start":{"line":80,"column":92},"end":{"line":89,"column":1}},"line":80},"7":{"name":"fetchByIMDB","decl":{"start":{"line":91,"column":22},"end":{"line":91,"column":33}},"loc":{"start":{"line":91,"column":83},"end":{"line":99,"column":1}},"line":91}},"branchMap":{"0":{"loc":{"start":{"line":16,"column":28},"end":{"line":16,"column":47}},"type":"default-arg","locations":[{"start":{"line":16,"column":45},"end":{"line":16,"column":47}}],"line":16},"1":{"loc":{"start":{"line":20,"column":2},"end":{"line":22,"column":3}},"type":"if","locations":[{"start":{"line":20,"column":2},"end":{"line":22,"column":3}},{"start":{"line":20,"column":2},"end":{"line":22,"column":3}}],"line":20},"2":{"loc":{"start":{"line":24,"column":2},"end":{"line":30,"column":3}},"type":"if","locations":[{"start":{"line":24,"column":2},"end":{"line":30,"column":3}},{"start":{"line":24,"column":2},"end":{"line":30,"column":3}}],"line":24},"3":{"loc":{"start":{"line":44,"column":1},"end":{"line":48,"column":2}},"type":"if","locations":[{"start":{"line":44,"column":1},"end":{"line":48,"column":2}},{"start":{"line":44,"column":1},"end":{"line":48,"column":2}}],"line":44}},"s":{"0":1,"1":1,"2":3,"3":14,"4":3,"5":3,"6":13,"7":1,"8":12,"9":3,"10":5,"11":9,"12":3,"13":1,"14":1,"15":2,"16":1,"17":1,"18":2,"19":2,"20":1,"21":1},"f":{"0":3,"1":14,"2":3,"3":1,"4":2,"5":2,"6":1,"7":1},"b":{"0":[0],"1":[1,12],"2":[3,9],"3":[1,1]},"_coverageSchema":"1a1c01bbd47fc00a2c39e90264f33305004495a9","hash":"bc63d8d9f24ae85e82efd5273c4a3db7e965d12a"}
,"C:\\Projects\\ncn\\packages\\ncore-api\\src\\scraper.ts": {"path":"C:\\Projects\\ncn\\packages\\ncore-api\\src\\scraper.ts","statementMap":{"0":{"start":{"line":5,"column":32},"end":{"line":5,"column":117}},"1":{"start":{"line":6,"column":32},"end":{"line":6,"column":115}},"2":{"start":{"line":35,"column":1},"end":{"line":35,"column":64}},"3":{"start":{"line":40,"column":1},"end":{"line":40,"column":71}},"4":{"start":{"line":44,"column":1},"end":{"line":44,"column":45}},"5":{"start":{"line":48,"column":1},"end":{"line":50,"column":2}},"6":{"start":{"line":49,"column":2},"end":{"line":49,"column":35}},"7":{"start":{"line":52,"column":1},"end":{"line":52,"column":13}},"8":{"start":{"line":56,"column":1},"end":{"line":56,"column":39}},"9":{"start":{"line":60,"column":1},"end":{"line":60,"column":53}},"10":{"start":{"line":64,"column":1},"end":{"line":64,"column":42}},"11":{"start":{"line":68,"column":1},"end":{"line":68,"column":50}},"12":{"start":{"line":72,"column":15},"end":{"line":72,"column":62}},"13":{"start":{"line":73,"column":1},"end":{"line":73,"column":58}},"14":{"start":{"line":77,"column":1},"end":{"line":77,"column":41}},"15":{"start":{"line":81,"column":1},"end":{"line":81,"column":55}},"16":{"start":{"line":85,"column":1},"end":{"line":85,"column":65}},"17":{"start":{"line":89,"column":16},"end":{"line":89,"column":34}},"18":{"start":{"line":90,"column":1},"end":{"line":90,"column":42}},"19":{"start":{"line":94,"column":15},"end":{"line":94,"column":42}},"20":{"start":{"line":96,"column":1},"end":{"line":98,"column":2}},"21":{"start":{"line":97,"column":2},"end":{"line":97,"column":63}},"22":{"start":{"line":100,"column":18},"end":{"line":100,"column":26}},"23":{"start":{"line":102,"column":1},"end":{"line":104,"column":2}},"24":{"start":{"line":103,"column":2},"end":{"line":103,"column":35}},"25":{"start":{"line":106,"column":1},"end":{"line":108,"column":2}},"26":{"start":{"line":107,"column":2},"end":{"line":107,"column":36}},"27":{"start":{"line":110,"column":1},"end":{"line":110,"column":54}},"28":{"start":{"line":114,"column":12},"end":{"line":114,"column":33}},"29":{"start":{"line":116,"column":1},"end":{"line":118,"column":2}},"30":{"start":{"line":117,"column":2},"end":{"line":117,"column":59}},"31":{"start":{"line":120,"column":1},"end":{"line":120,"column":24}},"32":{"start":{"line":124,"column":13},"end":{"line":124,"column":45}},"33":{"start":{"line":130,"column":1},"end":{"line":130,"column":28}},"34":{"start":{"line":135,"column":15},"end":{"line":135,"column":35}},"35":{"start":{"line":136,"column":1},"end":{"line":136,"column":52}},"36":{"start":{"line":145,"column":1},"end":{"line":145,"column":23}},"37":{"start":{"line":149,"column":1},"end":{"line":151,"column":2}},"38":{"start":{"line":150,"column":2},"end":{"line":150,"column":11}},"39":{"start":{"line":153,"column":23},"end":{"line":153,"column":46}},"40":{"start":{"line":154,"column":13},"end":{"line":154,"column":14}},"41":{"start":{"line":156,"column":1},"end":{"line":162,"column":2}},"42":{"start":{"line":158,"column":2},"end":{"line":158,"column":33}},"43":{"start":{"line":159,"column":2},"end":{"line":161,"column":3}},"44":{"start":{"line":160,"column":3},"end":{"line":160,"column":11}},"45":{"start":{"line":164,"column":1},"end":{"line":164,"column":14}},"46":{"start":{"line":168,"column":30},"end":{"line":182,"column":2}},"47":{"start":{"line":185,"column":18},"end":{"line":185,"column":37}},"48":{"start":{"line":188,"column":1},"end":{"line":188,"column":44}},"49":{"start":{"line":189,"column":1},"end":{"line":189,"column":65}},"50":{"start":{"line":192,"column":1},"end":{"line":203,"column":2}},"51":{"start":{"line":193,"column":18},"end":{"line":193,"column":63}},"52":{"start":{"line":194,"column":24},"end":{"line":194,"column":67}},"53":{"start":{"line":195,"column":2},"end":{"line":195,"column":42}},"54":{"start":{"line":197,"column":24},"end":{"line":197,"column":77}},"55":{"start":{"line":198,"column":2},"end":{"line":198,"column":54}},"56":{"start":{"line":200,"column":2},"end":{"line":202,"column":3}},"57":{"start":{"line":201,"column":3},"end":{"line":201,"column":48}},"58":{"start":{"line":206,"column":1},"end":{"line":206,"column":74}},"59":{"start":{"line":208,"column":1},"end":{"line":208,"column":59}},"60":{"start":{"line":210,"column":1},"end":{"line":210,"column":70}},"61":{"start":{"line":213,"column":19},"end":{"line":213,"column":39}},"62":{"start":{"line":214,"column":1},"end":{"line":217,"column":2}},"63":{"start":{"line":215,"column":21},"end":{"line":215,"column":53}},"64":{"start":{"line":216,"column":2},"end":{"line":216,"column":66}},"65":{"start":{"line":220,"column":20},"end":{"line":220,"column":36}},"66":{"start":{"line":222,"column":1},"end":{"line":239,"column":2}},"67":{"start":{"line":223,"column":2},"end":{"line":226,"column":3}},"68":{"start":{"line":224,"column":19},"end":{"line":224,"column":50}},"69":{"start":{"line":225,"column":3},"end":{"line":225,"column":45}},"70":{"start":{"line":229,"column":21},"end":{"line":229,"column":56}},"71":{"start":{"line":231,"column":2},"end":{"line":238,"column":3}},"72":{"start":{"line":233,"column":19},"end":{"line":233,"column":47}},"73":{"start":{"line":234,"column":3},"end":{"line":234,"column":45}},"74":{"start":{"line":237,"column":3},"end":{"line":237,"column":65}},"75":{"start":{"line":241,"column":1},"end":{"line":241,"column":47}},"76":{"start":{"line":244,"column":1},"end":{"line":246,"column":2}},"77":{"start":{"line":245,"column":2},"end":{"line":245,"column":51}},"78":{"start":{"line":248,"column":1},"end":{"line":248,"column":16}},"79":{"start":{"line":252,"column":20},"end":{"line":252,"column":83}},"80":{"start":{"line":254,"column":1},"end":{"line":256,"column":2}},"81":{"start":{"line":255,"column":2},"end":{"line":255,"column":43}},"82":{"start":{"line":258,"column":1},"end":{"line":258,"column":14}},"83":{"start":{"line":262,"column":1},"end":{"line":262,"column":71}},"84":{"start":{"line":262,"column":13},"end":{"line":262,"column":71}},"85":{"start":{"line":264,"column":33},"end":{"line":264,"column":35}},"86":{"start":{"line":265,"column":14},"end":{"line":265,"column":35}},"87":{"start":{"line":267,"column":1},"end":{"line":278,"column":2}},"88":{"start":{"line":267,"column":14},"end":{"line":267,"column":15}},"89":{"start":{"line":267,"column":23},"end":{"line":267,"column":34}},"90":{"start":{"line":268,"column":30},"end":{"line":268,"column":37}},"91":{"start":{"line":270,"column":2},"end":{"line":277,"column":3}},"92":{"start":{"line":271,"column":19},"end":{"line":271,"column":45}},"93":{"start":{"line":273,"column":3},"end":{"line":273,"column":26}},"94":{"start":{"line":280,"column":51},"end":{"line":280,"column":111}},"95":{"start":{"line":281,"column":19},"end":{"line":281,"column":52}},"96":{"start":{"line":283,"column":1},"end":{"line":286,"column":3}},"97":{"start":{"line":290,"column":1},"end":{"line":290,"column":123}},"98":{"start":{"line":290,"column":66},"end":{"line":290,"column":97}},"99":{"start":{"line":294,"column":11},"end":{"line":294,"column":61}},"100":{"start":{"line":295,"column":1},"end":{"line":295,"column":38}},"101":{"start":{"line":296,"column":1},"end":{"line":296,"column":36}}},"fnMap":{"0":{"name":"getRowsFromBody","decl":{"start":{"line":34,"column":16},"end":{"line":34,"column":31}},"loc":{"start":{"line":34,"column":83},"end":{"line":36,"column":1}},"line":34},"1":{"name":"getTorrentLink","decl":{"start":{"line":38,"column":16},"end":{"line":38,"column":30}},"loc":{"start":{"line":38,"column":71},"end":{"line":41,"column":1}},"line":38},"2":{"name":"getInfobarImage","decl":{"start":{"line":43,"column":16},"end":{"line":43,"column":31}},"loc":{"start":{"line":43,"column":78},"end":{"line":45,"column":1}},"line":43},"3":{"name":"readAttr","decl":{"start":{"line":47,"column":16},"end":{"line":47,"column":24}},"loc":{"start":{"line":47,"column":75},"end":{"line":53,"column":1}},"line":47},"4":{"name":"getSpanFromSiterank","decl":{"start":{"line":55,"column":16},"end":{"line":55,"column":35}},"loc":{"start":{"line":55,"column":86},"end":{"line":57,"column":1}},"line":55},"5":{"name":"getInfoLinkFromSiterank","decl":{"start":{"line":59,"column":16},"end":{"line":59,"column":39}},"loc":{"start":{"line":59,"column":92},"end":{"line":61,"column":1}},"line":59},"6":{"name":"getSiterank","decl":{"start":{"line":63,"column":16},"end":{"line":63,"column":27}},"loc":{"start":{"line":63,"column":72},"end":{"line":65,"column":1}},"line":63},"7":{"name":"getTorrentCategoryLink","decl":{"start":{"line":67,"column":16},"end":{"line":67,"column":38}},"loc":{"start":{"line":67,"column":79},"end":{"line":69,"column":1}},"line":67},"8":{"name":"getTorrentUpload","decl":{"start":{"line":71,"column":16},"end":{"line":71,"column":32}},"loc":{"start":{"line":71,"column":62},"end":{"line":74,"column":1}},"line":71},"9":{"name":"getTorrentSize","decl":{"start":{"line":76,"column":16},"end":{"line":76,"column":30}},"loc":{"start":{"line":76,"column":68},"end":{"line":78,"column":1}},"line":76},"10":{"name":"getTorrentSeeds","decl":{"start":{"line":80,"column":16},"end":{"line":80,"column":31}},"loc":{"start":{"line":80,"column":69},"end":{"line":82,"column":1}},"line":80},"11":{"name":"getPage","decl":{"start":{"line":84,"column":16},"end":{"line":84,"column":23}},"loc":{"start":{"line":84,"column":54},"end":{"line":86,"column":1}},"line":84},"12":{"name":"parseImdbIdFromURL","decl":{"start":{"line":88,"column":16},"end":{"line":88,"column":34}},"loc":{"start":{"line":88,"column":63},"end":{"line":91,"column":1}},"line":88},"13":{"name":"parseTorrentCategoryFromUrl","decl":{"start":{"line":93,"column":16},"end":{"line":93,"column":43}},"loc":{"start":{"line":93,"column":67},"end":{"line":111,"column":1}},"line":93},"14":{"name":"parseTorrentIdFromURL","decl":{"start":{"line":113,"column":16},"end":{"line":113,"column":37}},"loc":{"start":{"line":113,"column":59},"end":{"line":121,"column":1}},"line":113},"15":{"name":"parseCoverLinkFromMouseOverScript","decl":{"start":{"line":123,"column":16},"end":{"line":123,"column":49}},"loc":{"start":{"line":123,"column":81},"end":{"line":131,"column":1}},"line":123},"16":{"name":"parseImdbRating","decl":{"start":{"line":133,"column":16},"end":{"line":133,"column":31}},"loc":{"start":{"line":133,"column":54},"end":{"line":137,"column":1}},"line":133},"17":{"name":"getTextContent","decl":{"start":{"line":144,"column":16},"end":{"line":144,"column":30}},"loc":{"start":{"line":144,"column":56},"end":{"line":146,"column":1}},"line":144},"18":{"name":"getPageCountFromLinks","decl":{"start":{"line":148,"column":16},"end":{"line":148,"column":37}},"loc":{"start":{"line":148,"column":84},"end":{"line":165,"column":1}},"line":148},"19":{"name":"getTorrentInfoFromRow","decl":{"start":{"line":167,"column":16},"end":{"line":167,"column":37}},"loc":{"start":{"line":167,"column":72},"end":{"line":249,"column":1}},"line":167},"20":{"name":"getTorrentTitleFromName","decl":{"start":{"line":251,"column":16},"end":{"line":251,"column":39}},"loc":{"start":{"line":251,"column":70},"end":{"line":259,"column":1}},"line":251},"21":{"name":"getTorrentsFromBody","decl":{"start":{"line":261,"column":16},"end":{"line":261,"column":35}},"loc":{"start":{"line":261,"column":73},"end":{"line":287,"column":1}},"line":261},"22":{"name":"findPassKey","decl":{"start":{"line":289,"column":16},"end":{"line":289,"column":27}},"loc":{"start":{"line":289,"column":59},"end":{"line":291,"column":1}},"line":289},"23":{"name":"(anonymous_23)","decl":{"start":{"line":290,"column":60},"end":{"line":290,"column":61}},"loc":{"start":{"line":290,"column":66},"end":{"line":290,"column":97}},"line":290},"24":{"name":"parseHTML","decl":{"start":{"line":293,"column":16},"end":{"line":293,"column":25}},"loc":{"start":{"line":293,"column":49},"end":{"line":297,"column":1}},"line":293}},"branchMap":{"0":{"loc":{"start":{"line":48,"column":1},"end":{"line":50,"column":2}},"type":"if","locations":[{"start":{"line":48,"column":1},"end":{"line":50,"column":2}},{"start":{"line":48,"column":1},"end":{"line":50,"column":2}}],"line":48},"1":{"loc":{"start":{"line":60,"column":8},"end":{"line":60,"column":52}},"type":"binary-expr","locations":[{"start":{"line":60,"column":8},"end":{"line":60,"column":44}},{"start":{"line":60,"column":48},"end":{"line":60,"column":52}}],"line":60},"2":{"loc":{"start":{"line":90,"column":8},"end":{"line":90,"column":41}},"type":"cond-expr","locations":[{"start":{"line":90,"column":17},"end":{"line":90,"column":34}},{"start":{"line":90,"column":37},"end":{"line":90,"column":41}}],"line":90},"3":{"loc":{"start":{"line":96,"column":1},"end":{"line":98,"column":2}},"type":"if","locations":[{"start":{"line":96,"column":1},"end":{"line":98,"column":2}},{"start":{"line":96,"column":1},"end":{"line":98,"column":2}}],"line":96},"4":{"loc":{"start":{"line":102,"column":1},"end":{"line":104,"column":2}},"type":"if","locations":[{"start":{"line":102,"column":1},"end":{"line":104,"column":2}},{"start":{"line":102,"column":1},"end":{"line":104,"column":2}}],"line":102},"5":{"loc":{"start":{"line":106,"column":1},"end":{"line":108,"column":2}},"type":"if","locations":[{"start":{"line":106,"column":1},"end":{"line":108,"column":2}},{"start":{"line":106,"column":1},"end":{"line":108,"column":2}}],"line":106},"6":{"loc":{"start":{"line":116,"column":1},"end":{"line":118,"column":2}},"type":"if","locations":[{"start":{"line":116,"column":1},"end":{"line":118,"column":2}},{"start":{"line":116,"column":1},"end":{"line":118,"column":2}}],"line":116},"7":{"loc":{"start":{"line":130,"column":8},"end":{"line":130,"column":27}},"type":"cond-expr","locations":[{"start":{"line":130,"column":14},"end":{"line":130,"column":20}},{"start":{"line":130,"column":23},"end":{"line":130,"column":27}}],"line":130},"8":{"loc":{"start":{"line":136,"column":8},"end":{"line":136,"column":51}},"type":"cond-expr","locations":[{"start":{"line":136,"column":16},"end":{"line":136,"column":44}},{"start":{"line":136,"column":47},"end":{"line":136,"column":51}}],"line":136},"9":{"loc":{"start":{"line":149,"column":1},"end":{"line":151,"column":2}},"type":"if","locations":[{"start":{"line":149,"column":1},"end":{"line":151,"column":2}},{"start":{"line":149,"column":1},"end":{"line":151,"column":2}}],"line":149},"10":{"loc":{"start":{"line":156,"column":1},"end":{"line":162,"column":2}},"type":"if","locations":[{"start":{"line":156,"column":1},"end":{"line":162,"column":2}},{"start":{"line":156,"column":1},"end":{"line":162,"column":2}}],"line":156},"11":{"loc":{"start":{"line":159,"column":2},"end":{"line":161,"column":3}},"type":"if","locations":[{"start":{"line":159,"column":2},"end":{"line":161,"column":3}},{"start":{"line":159,"column":2},"end":{"line":161,"column":3}}],"line":159},"12":{"loc":{"start":{"line":198,"column":24},"end":{"line":198,"column":53}},"type":"cond-expr","locations":[{"start":{"line":198,"column":35},"end":{"line":198,"column":43}},{"start":{"line":198,"column":46},"end":{"line":198,"column":53}}],"line":198},"13":{"loc":{"start":{"line":200,"column":2},"end":{"line":202,"column":3}},"type":"if","locations":[{"start":{"line":200,"column":2},"end":{"line":202,"column":3}},{"start":{"line":200,"column":2},"end":{"line":202,"column":3}}],"line":200},"14":{"loc":{"start":{"line":214,"column":1},"end":{"line":217,"column":2}},"type":"if","locations":[{"start":{"line":214,"column":1},"end":{"line":217,"column":2}},{"start":{"line":214,"column":1},"end":{"line":217,"column":2}}],"line":214},"15":{"loc":{"start":{"line":222,"column":1},"end":{"line":239,"column":2}},"type":"if","locations":[{"start":{"line":222,"column":1},"end":{"line":239,"column":2}},{"start":{"line":222,"column":1},"end":{"line":239,"column":2}}],"line":222},"16":{"loc":{"start":{"line":231,"column":2},"end":{"line":238,"column":3}},"type":"if","locations":[{"start":{"line":231,"column":2},"end":{"line":238,"column":3}},{"start":{"line":231,"column":2},"end":{"line":238,"column":3}}],"line":231},"17":{"loc":{"start":{"line":244,"column":1},"end":{"line":246,"column":2}},"type":"if","locations":[{"start":{"line":244,"column":1},"end":{"line":246,"column":2}},{"start":{"line":244,"column":1},"end":{"line":246,"column":2}}],"line":244},"18":{"loc":{"start":{"line":254,"column":1},"end":{"line":256,"column":2}},"type":"if","locations":[{"start":{"line":254,"column":1},"end":{"line":256,"column":2}},{"start":{"line":254,"column":1},"end":{"line":256,"column":2}}],"line":254},"19":{"loc":{"start":{"line":262,"column":1},"end":{"line":262,"column":71}},"type":"if","locations":[{"start":{"line":262,"column":1},"end":{"line":262,"column":71}},{"start":{"line":262,"column":1},"end":{"line":262,"column":71}}],"line":262}},"s":{"0":2,"1":2,"2":6,"3":119,"4":118,"5":676,"6":656,"7":20,"8":106,"9":106,"10":118,"11":118,"12":118,"13":118,"14":118,"15":118,"16":3,"17":104,"18":104,"19":119,"20":119,"21":1,"22":118,"23":118,"24":113,"25":5,"26":5,"27":0,"28":120,"29":120,"30":2,"31":118,"32":110,"33":110,"34":104,"35":104,"36":340,"37":6,"38":3,"39":3,"40":3,"41":3,"42":3,"43":3,"44":1,"45":3,"46":119,"47":119,"48":119,"49":119,"50":118,"51":118,"52":118,"53":118,"54":118,"55":118,"56":118,"57":5,"58":118,"59":118,"60":118,"61":118,"62":118,"63":110,"64":110,"65":118,"66":118,"67":106,"68":106,"69":106,"70":106,"71":106,"72":104,"73":104,"74":104,"75":118,"76":118,"77":12,"78":118,"79":12,"80":12,"81":11,"82":1,"83":7,"84":1,"85":6,"86":6,"87":6,"88":6,"89":6,"90":117,"91":117,"92":117,"93":116,"94":6,"95":6,"96":6,"97":2,"98":22,"99":4,"100":4,"101":4},"f":{"0":6,"1":119,"2":118,"3":676,"4":106,"5":106,"6":118,"7":118,"8":118,"9":118,"10":118,"11":3,"12":104,"13":119,"14":120,"15":110,"16":104,"17":340,"18":6,"19":119,"20":12,"21":7,"22":2,"23":22,"24":4},"b":{"0":[656,20],"1":[106,2],"2":[104,0],"3":[1,118],"4":[113,5],"5":[5,0],"6":[2,118],"7":[110,0],"8":[98,6],"9":[3,3],"10":[3,0],"11":[1,2],"12":[5,113],"13":[5,113],"14":[110,8],"15":[106,12],"16":[104,2],"17":[12,106],"18":[11,1],"19":[1,6]},"_coverageSchema":"1a1c01bbd47fc00a2c39e90264f33305004495a9","hash":"ec378e5404e0c61161b3d8fabe1a6f7df7cc827a"}
}
