{"total": {"lines":{"total":160,"covered":157,"skipped":0,"pct":98.13},"statements":{"total":165,"covered":162,"skipped":0,"pct":98.18},"functions":{"total":44,"covered":43,"skipped":0,"pct":97.73},"branches":{"total":77,"covered":68,"skipped":0,"pct":88.31}}
,"C:\\Projects\\ncn\\packages\\ncore-api\\mock\\index.ts": {"lines":{"total":0,"covered":0,"skipped":0,"pct":100},"functions":{"total":0,"covered":0,"skipped":0,"pct":100},"statements":{"total":0,"covered":0,"skipped":0,"pct":100},"branches":{"total":0,"covered":0,"skipped":0,"pct":100}}
,"C:\\Projects\\ncn\\packages\\ncore-api\\mock\\one-page.ts": {"lines":{"total":0,"covered":0,"skipped":0,"pct":100},"functions":{"total":0,"covered":0,"skipped":0,"pct":100},"statements":{"total":0,"covered":0,"skipped":0,"pct":100},"branches":{"total":0,"covered":0,"skipped":0,"pct":100}}
,"C:\\Projects\\ncn\\packages\\ncore-api\\src\\api.ts": {"lines":{"total":22,"covered":22,"skipped":0,"pct":100},"functions":{"total":8,"covered":8,"skipped":0,"pct":100},"statements":{"total":22,"covered":22,"skipped":0,"pct":100},"branches":{"total":7,"covered":6,"skipped":0,"pct":85.71}}
,"C:\\Projects\\ncn\\packages\\ncore-api\\src\\parser.ts": {"lines":{"total":40,"covered":38,"skipped":0,"pct":95},"functions":{"total":11,"covered":10,"skipped":0,"pct":90.91},"statements":{"total":41,"covered":39,"skipped":0,"pct":95.12},"branches":{"total":30,"covered":26,"skipped":0,"pct":86.67}}
,"C:\\Projects\\ncn\\packages\\ncore-api\\src\\scraper.ts": {"lines":{"total":98,"covered":97,"skipped":0,"pct":98.98},"functions":{"total":25,"covered":25,"skipped":0,"pct":100},"statements":{"total":102,"covered":101,"skipped":0,"pct":99.02},"branches":{"total":40,"covered":36,"skipped":0,"pct":90}}
}
