{"C:\\Projects\\ncn\\packages\\ncore-api\\mock\\empty-list.ts": {"path":"C:\\Projects\\ncn\\packages\\ncore-api\\mock\\empty-list.ts","statementMap":{},"fnMap":{},"branchMap":{},"s":{},"f":{},"b":{},"_coverageSchema":"1a1c01bbd47fc00a2c39e90264f33305004495a9","hash":"4c72f7f452dbad64219ffeecbe5669eb3f9fe9f7"}
,"C:\\Projects\\ncn\\packages\\ncore-api\\mock\\index.ts": {"path":"C:\\Projects\\ncn\\packages\\ncore-api\\mock\\index.ts","statementMap":{},"fnMap":{},"branchMap":{},"s":{},"f":{},"b":{},"_coverageSchema":"1a1c01bbd47fc00a2c39e90264f33305004495a9","hash":"4a0588e248e1b16f1c0527d618d04430aceaf44f"}
,"C:\\Projects\\ncn\\packages\\ncore-api\\mock\\last-page.ts": {"path":"C:\\Projects\\ncn\\packages\\ncore-api\\mock\\last-page.ts","statementMap":{},"fnMap":{},"branchMap":{},"s":{},"f":{},"b":{},"_coverageSchema":"1a1c01bbd47fc00a2c39e90264f33305004495a9","hash":"e3f384efcf995cbe8500fe88e1ca04342f99ea2b"}
,"C:\\Projects\\ncn\\packages\\ncore-api\\mock\\malformed-row.ts": {"path":"C:\\Projects\\ncn\\packages\\ncore-api\\mock\\malformed-row.ts","statementMap":{},"fnMap":{},"branchMap":{},"s":{},"f":{},"b":{},"_coverageSchema":"1a1c01bbd47fc00a2c39e90264f33305004495a9","hash":"6eed07f0245edf2ff3bf91610fca37c02f84e6bf"}
,"C:\\Projects\\ncn\\packages\\ncore-api\\mock\\mixed-list.ts": {"path":"C:\\Projects\\ncn\\packages\\ncore-api\\mock\\mixed-list.ts","statementMap":{},"fnMap":{},"branchMap":{},"s":{},"f":{},"b":{},"_coverageSchema":"1a1c01bbd47fc00a2c39e90264f33305004495a9","hash":"e015c7f8bca33ee584d0076c773435759475662c"}
,"C:\\Projects\\ncn\\packages\\ncore-api\\mock\\profile.ts": {"path":"C:\\Projects\\ncn\\packages\\ncore-api\\mock\\profile.ts","statementMap":{},"fnMap":{},"branchMap":{},"s":{},"f":{},"b":{},"_coverageSchema":"1a1c01bbd47fc00a2c39e90264f33305004495a9","hash":"08b7d9df01280aa564087fbd857693e9e40342e3"}
,"C:\\Projects\\ncn\\packages\\ncore-api\\mock\\torrent-list.ts": {"path":"C:\\Projects\\ncn\\packages\\ncore-api\\mock\\torrent-list.ts","statementMap":{},"fnMap":{},"branchMap":{},"s":{},"f":{},"b":{},"_coverageSchema":"1a1c01bbd47fc00a2c39e90264f33305004495a9","hash":"9afed78becc4be85532e7a85c65ba8052967ec39"}
,"C:\\Projects\\ncn\\packages\\ncore-api\\mock\\torrent-row.ts": {"path":"C:\\Projects\\ncn\\packages\\ncore-api\\mock\\torrent-row.ts","statementMap":{},"fnMap":{},"branchMap":{},"s":{},"f":{},"b":{},"_coverageSchema":"1a1c01bbd47fc00a2c39e90264f33305004495a9","hash":"3cbcd1b92263e9d50404924015d6bd424eacbacd"}
,"C:\\Projects\\ncn\\packages\\ncore-api\\src\\api.ts": {"path":"C:\\Projects\\ncn\\packages\\ncore-api\\src\\api.ts","statementMap":{"0":{"start":{"line":4,"column":27},"end":{"line":4,"column":53}},"1":{"start":{"line":5,"column":28},"end":{"line":5,"column":44}},"2":{"start":{"line":8,"column":1},"end":{"line":8,"column":34}},"3":{"start":{"line":13,"column":1},"end":{"line":13,"column":47}},"4":{"start":{"line":17,"column":15},"end":{"line":17,"column":17}},"5":{"start":{"line":19,"column":1},"end":{"line":31,"column":2}},"6":{"start":{"line":20,"column":2},"end":{"line":22,"column":3}},"7":{"start":{"line":21,"column":3},"end":{"line":21,"column":12}},"8":{"start":{"line":24,"column":2},"end":{"line":30,"column":3}},"9":{"start":{"line":25,"column":3},"end":{"line":27,"column":4}},"10":{"start":{"line":26,"column":4},"end":{"line":26,"column":52}},"11":{"start":{"line":29,"column":3},"end":{"line":29,"column":58}},"12":{"start":{"line":33,"column":1},"end":{"line":33,"column":26}},"13":{"start":{"line":37,"column":14},"end":{"line":37,"column":53}},"14":{"start":{"line":38,"column":1},"end":{"line":38,"column":26}},"15":{"start":{"line":44,"column":1},"end":{"line":48,"column":2}},"16":{"start":{"line":45,"column":2},"end":{"line":45,"column":35}},"17":{"start":{"line":47,"column":2},"end":{"line":47,"column":36}},"18":{"start":{"line":50,"column":1},"end":{"line":50,"column":45}},"19":{"start":{"line":63,"column":1},"end":{"line":63,"column":58}},"20":{"start":{"line":81,"column":1},"end":{"line":88,"column":4}},"21":{"start":{"line":92,"column":1},"end":{"line":98,"column":4}}},"fnMap":{"0":{"name":"fetchHTML","decl":{"start":{"line":7,"column":15},"end":{"line":7,"column":24}},"loc":{"start":{"line":7,"column":38},"end":{"line":9,"column":1}},"line":7},"1":{"name":"encodePair","decl":{"start":{"line":12,"column":9},"end":{"line":12,"column":19}},"loc":{"start":{"line":12,"column":47},"end":{"line":14,"column":1}},"line":12},"2":{"name":"objectToUri","decl":{"start":{"line":16,"column":16},"end":{"line":16,"column":27}},"loc":{"start":{"line":16,"column":49},"end":{"line":34,"column":1}},"line":16},"3":{"name":"getPassKey","decl":{"start":{"line":36,"column":22},"end":{"line":36,"column":32}},"loc":{"start":{"line":36,"column":52},"end":{"line":39,"column":1}},"line":36},"4":{"name":"getTorrents","decl":{"start":{"line":41,"column":22},"end":{"line":41,"column":33}},"loc":{"start":{"line":41,"column":109},"end":{"line":51,"column":1}},"line":41},"5":{"name":"fetchTorrents","decl":{"start":{"line":62,"column":22},"end":{"line":62,"column":35}},"loc":{"start":{"line":62,"column":80},"end":{"line":64,"column":1}},"line":62},"6":{"name":"fetchByTitle","decl":{"start":{"line":80,"column":22},"end":{"line":80,"column":34}},"loc":{"start":{"line":80,"column":87},"end":{"line":89,"column":1}},"line":80},"7":{"name":"fetchByIMDB","decl":{"start":{"line":91,"column":22},"end":{"line":91,"column":33}},"loc":{"start":{"line":91,"column":78},"end":{"line":99,"column":1}},"line":91}},"branchMap":{"0":{"loc":{"start":{"line":16,"column":28},"end":{"line":16,"column":47}},"type":"default-arg","locations":[{"start":{"line":16,"column":45},"end":{"line":16,"column":47}}],"line":16},"1":{"loc":{"start":{"line":20,"column":2},"end":{"line":22,"column":3}},"type":"if","locations":[{"start":{"line":20,"column":2},"end":{"line":22,"column":3}},{"start":{"line":20,"column":2},"end":{"line":22,"column":3}}],"line":20},"2":{"loc":{"start":{"line":24,"column":2},"end":{"line":30,"column":3}},"type":"if","locations":[{"start":{"line":24,"column":2},"end":{"line":30,"column":3}},{"start":{"line":24,"column":2},"end":{"line":30,"column":3}}],"line":24},"3":{"loc":{"start":{"line":44,"column":1},"end":{"line":48,"column":2}},"type":"if","locations":[{"start":{"line":44,"column":1},"end":{"line":48,"column":2}},{"start":{"line":44,"column":1},"end":{"line":48,"column":2}}],"line":44}},"s":{"0":1,"1":1,"2":3,"3":14,"4":3,"5":3,"6":13,"7":1,"8":12,"9":3,"10":5,"11":9,"12":3,"13":1,"14":1,"15":2,"16":1,"17":1,"18":2,"19":2,"20":1,"21":1},"f":{"0":3,"1":14,"2":3,"3":1,"4":2,"5":2,"6":1,"7":1},"b":{"0":[0],"1":[1,12],"2":[3,9],"3":[1,1]},"_coverageSchema":"1a1c01bbd47fc00a2c39e90264f33305004495a9","hash":"5c6bde56b058f0ee736e376678d4952480660ec0"}
,"C:\\Projects\\ncn\\packages\\ncore-api\\src\\scraper.ts": {"path":"C:\\Projects\\ncn\\packages\\ncore-api\\src\\scraper.ts","statementMap":{"0":{"start":{"line":7,"column":25},"end":{"line":7,"column":101}},"1":{"start":{"line":8,"column":25},"end":{"line":8,"column":99}},"2":{"start":{"line":32,"column":1},"end":{"line":32,"column":64}},"3":{"start":{"line":37,"column":1},"end":{"line":37,"column":71}},"4":{"start":{"line":41,"column":1},"end":{"line":41,"column":45}},"5":{"start":{"line":45,"column":1},"end":{"line":47,"column":2}},"6":{"start":{"line":46,"column":2},"end":{"line":46,"column":35}},"7":{"start":{"line":49,"column":1},"end":{"line":49,"column":13}},"8":{"start":{"line":53,"column":1},"end":{"line":53,"column":39}},"9":{"start":{"line":57,"column":1},"end":{"line":57,"column":53}},"10":{"start":{"line":61,"column":1},"end":{"line":61,"column":42}},"11":{"start":{"line":65,"column":1},"end":{"line":65,"column":50}},"12":{"start":{"line":69,"column":15},"end":{"line":69,"column":62}},"13":{"start":{"line":70,"column":1},"end":{"line":70,"column":58}},"14":{"start":{"line":74,"column":1},"end":{"line":74,"column":41}},"15":{"start":{"line":78,"column":1},"end":{"line":78,"column":55}},"16":{"start":{"line":82,"column":1},"end":{"line":82,"column":65}},"17":{"start":{"line":86,"column":16},"end":{"line":86,"column":34}},"18":{"start":{"line":87,"column":1},"end":{"line":87,"column":42}},"19":{"start":{"line":91,"column":15},"end":{"line":91,"column":42}},"20":{"start":{"line":93,"column":1},"end":{"line":95,"column":2}},"21":{"start":{"line":94,"column":2},"end":{"line":94,"column":63}},"22":{"start":{"line":97,"column":1},"end":{"line":97,"column":17}},"23":{"start":{"line":101,"column":12},"end":{"line":101,"column":33}},"24":{"start":{"line":103,"column":1},"end":{"line":105,"column":2}},"25":{"start":{"line":104,"column":2},"end":{"line":104,"column":59}},"26":{"start":{"line":107,"column":1},"end":{"line":107,"column":24}},"27":{"start":{"line":111,"column":13},"end":{"line":111,"column":45}},"28":{"start":{"line":117,"column":1},"end":{"line":117,"column":28}},"29":{"start":{"line":122,"column":15},"end":{"line":122,"column":35}},"30":{"start":{"line":123,"column":1},"end":{"line":123,"column":52}},"31":{"start":{"line":132,"column":1},"end":{"line":132,"column":23}},"32":{"start":{"line":136,"column":1},"end":{"line":138,"column":2}},"33":{"start":{"line":137,"column":2},"end":{"line":137,"column":11}},"34":{"start":{"line":140,"column":23},"end":{"line":140,"column":46}},"35":{"start":{"line":141,"column":13},"end":{"line":141,"column":14}},"36":{"start":{"line":143,"column":1},"end":{"line":149,"column":2}},"37":{"start":{"line":145,"column":2},"end":{"line":145,"column":33}},"38":{"start":{"line":146,"column":2},"end":{"line":148,"column":3}},"39":{"start":{"line":147,"column":3},"end":{"line":147,"column":11}},"40":{"start":{"line":151,"column":1},"end":{"line":151,"column":14}},"41":{"start":{"line":155,"column":30},"end":{"line":169,"column":2}},"42":{"start":{"line":172,"column":18},"end":{"line":172,"column":37}},"43":{"start":{"line":175,"column":1},"end":{"line":175,"column":44}},"44":{"start":{"line":176,"column":1},"end":{"line":176,"column":65}},"45":{"start":{"line":179,"column":1},"end":{"line":190,"column":2}},"46":{"start":{"line":180,"column":18},"end":{"line":180,"column":63}},"47":{"start":{"line":181,"column":24},"end":{"line":181,"column":57}},"48":{"start":{"line":182,"column":2},"end":{"line":182,"column":30}},"49":{"start":{"line":184,"column":24},"end":{"line":184,"column":59}},"50":{"start":{"line":185,"column":2},"end":{"line":185,"column":54}},"51":{"start":{"line":187,"column":2},"end":{"line":189,"column":3}},"52":{"start":{"line":188,"column":3},"end":{"line":188,"column":48}},"53":{"start":{"line":193,"column":1},"end":{"line":193,"column":74}},"54":{"start":{"line":195,"column":1},"end":{"line":195,"column":59}},"55":{"start":{"line":197,"column":1},"end":{"line":197,"column":70}},"56":{"start":{"line":200,"column":19},"end":{"line":200,"column":39}},"57":{"start":{"line":201,"column":1},"end":{"line":204,"column":2}},"58":{"start":{"line":202,"column":21},"end":{"line":202,"column":53}},"59":{"start":{"line":203,"column":2},"end":{"line":203,"column":66}},"60":{"start":{"line":207,"column":20},"end":{"line":207,"column":36}},"61":{"start":{"line":209,"column":1},"end":{"line":226,"column":2}},"62":{"start":{"line":210,"column":2},"end":{"line":213,"column":3}},"63":{"start":{"line":211,"column":19},"end":{"line":211,"column":50}},"64":{"start":{"line":212,"column":3},"end":{"line":212,"column":45}},"65":{"start":{"line":216,"column":21},"end":{"line":216,"column":56}},"66":{"start":{"line":218,"column":2},"end":{"line":225,"column":3}},"67":{"start":{"line":220,"column":19},"end":{"line":220,"column":47}},"68":{"start":{"line":221,"column":3},"end":{"line":221,"column":45}},"69":{"start":{"line":224,"column":3},"end":{"line":224,"column":65}},"70":{"start":{"line":228,"column":1},"end":{"line":228,"column":47}},"71":{"start":{"line":231,"column":1},"end":{"line":233,"column":2}},"72":{"start":{"line":232,"column":2},"end":{"line":232,"column":51}},"73":{"start":{"line":235,"column":1},"end":{"line":235,"column":16}},"74":{"start":{"line":239,"column":20},"end":{"line":239,"column":83}},"75":{"start":{"line":241,"column":1},"end":{"line":243,"column":2}},"76":{"start":{"line":242,"column":2},"end":{"line":242,"column":43}},"77":{"start":{"line":245,"column":1},"end":{"line":245,"column":14}},"78":{"start":{"line":249,"column":1},"end":{"line":249,"column":71}},"79":{"start":{"line":249,"column":13},"end":{"line":249,"column":71}},"80":{"start":{"line":251,"column":33},"end":{"line":251,"column":35}},"81":{"start":{"line":252,"column":14},"end":{"line":252,"column":35}},"82":{"start":{"line":254,"column":1},"end":{"line":265,"column":2}},"83":{"start":{"line":254,"column":14},"end":{"line":254,"column":15}},"84":{"start":{"line":254,"column":23},"end":{"line":254,"column":34}},"85":{"start":{"line":255,"column":30},"end":{"line":255,"column":37}},"86":{"start":{"line":257,"column":2},"end":{"line":264,"column":3}},"87":{"start":{"line":258,"column":19},"end":{"line":258,"column":45}},"88":{"start":{"line":260,"column":3},"end":{"line":260,"column":26}},"89":{"start":{"line":267,"column":51},"end":{"line":267,"column":111}},"90":{"start":{"line":268,"column":19},"end":{"line":268,"column":52}},"91":{"start":{"line":270,"column":1},"end":{"line":273,"column":3}},"92":{"start":{"line":277,"column":1},"end":{"line":277,"column":123}},"93":{"start":{"line":277,"column":66},"end":{"line":277,"column":97}},"94":{"start":{"line":281,"column":11},"end":{"line":281,"column":61}},"95":{"start":{"line":282,"column":1},"end":{"line":282,"column":38}},"96":{"start":{"line":283,"column":1},"end":{"line":283,"column":36}}},"fnMap":{"0":{"name":"getRowsFromBody","decl":{"start":{"line":31,"column":16},"end":{"line":31,"column":31}},"loc":{"start":{"line":31,"column":83},"end":{"line":33,"column":1}},"line":31},"1":{"name":"getTorrentLink","decl":{"start":{"line":35,"column":16},"end":{"line":35,"column":30}},"loc":{"start":{"line":35,"column":71},"end":{"line":38,"column":1}},"line":35},"2":{"name":"getInfobarImage","decl":{"start":{"line":40,"column":16},"end":{"line":40,"column":31}},"loc":{"start":{"line":40,"column":78},"end":{"line":42,"column":1}},"line":40},"3":{"name":"readAttr","decl":{"start":{"line":44,"column":16},"end":{"line":44,"column":24}},"loc":{"start":{"line":44,"column":75},"end":{"line":50,"column":1}},"line":44},"4":{"name":"getSpanFromSiterank","decl":{"start":{"line":52,"column":16},"end":{"line":52,"column":35}},"loc":{"start":{"line":52,"column":86},"end":{"line":54,"column":1}},"line":52},"5":{"name":"getInfoLinkFromSiterank","decl":{"start":{"line":56,"column":16},"end":{"line":56,"column":39}},"loc":{"start":{"line":56,"column":92},"end":{"line":58,"column":1}},"line":56},"6":{"name":"getSiterank","decl":{"start":{"line":60,"column":16},"end":{"line":60,"column":27}},"loc":{"start":{"line":60,"column":72},"end":{"line":62,"column":1}},"line":60},"7":{"name":"getTorrentCategoryLink","decl":{"start":{"line":64,"column":16},"end":{"line":64,"column":38}},"loc":{"start":{"line":64,"column":79},"end":{"line":66,"column":1}},"line":64},"8":{"name":"getTorrentUpload","decl":{"start":{"line":68,"column":16},"end":{"line":68,"column":32}},"loc":{"start":{"line":68,"column":62},"end":{"line":71,"column":1}},"line":68},"9":{"name":"getTorrentSize","decl":{"start":{"line":73,"column":16},"end":{"line":73,"column":30}},"loc":{"start":{"line":73,"column":68},"end":{"line":75,"column":1}},"line":73},"10":{"name":"getTorrentSeeds","decl":{"start":{"line":77,"column":16},"end":{"line":77,"column":31}},"loc":{"start":{"line":77,"column":69},"end":{"line":79,"column":1}},"line":77},"11":{"name":"getPage","decl":{"start":{"line":81,"column":16},"end":{"line":81,"column":23}},"loc":{"start":{"line":81,"column":54},"end":{"line":83,"column":1}},"line":81},"12":{"name":"parseImdbIdFromURL","decl":{"start":{"line":85,"column":16},"end":{"line":85,"column":34}},"loc":{"start":{"line":85,"column":63},"end":{"line":88,"column":1}},"line":85},"13":{"name":"parseTorrentCategoryFromUrl","decl":{"start":{"line":90,"column":16},"end":{"line":90,"column":43}},"loc":{"start":{"line":90,"column":65},"end":{"line":98,"column":1}},"line":90},"14":{"name":"parseTorrentIdFromURL","decl":{"start":{"line":100,"column":16},"end":{"line":100,"column":37}},"loc":{"start":{"line":100,"column":59},"end":{"line":108,"column":1}},"line":100},"15":{"name":"parseCoverLinkFromMouseOverScript","decl":{"start":{"line":110,"column":16},"end":{"line":110,"column":49}},"loc":{"start":{"line":110,"column":81},"end":{"line":118,"column":1}},"line":110},"16":{"name":"parseImdbRating","decl":{"start":{"line":120,"column":16},"end":{"line":120,"column":31}},"loc":{"start":{"line":120,"column":54},"end":{"line":124,"column":1}},"line":120},"17":{"name":"getTextContent","decl":{"start":{"line":131,"column":16},"end":{"line":131,"column":30}},"loc":{"start":{"line":131,"column":56},"end":{"line":133,"column":1}},"line":131},"18":{"name":"getPageCountFromLinks","decl":{"start":{"line":135,"column":16},"end":{"line":135,"column":37}},"loc":{"start":{"line":135,"column":84},"end":{"line":152,"column":1}},"line":135},"19":{"name":"getTorrentInfoFromRow","decl":{"start":{"line":154,"column":16},"end":{"line":154,"column":37}},"loc":{"start":{"line":154,"column":72},"end":{"line":236,"column":1}},"line":154},"20":{"name":"getTorrentTitleFromName","decl":{"start":{"line":238,"column":16},"end":{"line":238,"column":39}},"loc":{"start":{"line":238,"column":70},"end":{"line":246,"column":1}},"line":238},"21":{"name":"getTorrentsFromBody","decl":{"start":{"line":248,"column":16},"end":{"line":248,"column":35}},"loc":{"start":{"line":248,"column":73},"end":{"line":274,"column":1}},"line":248},"22":{"name":"findPassKey","decl":{"start":{"line":276,"column":16},"end":{"line":276,"column":27}},"loc":{"start":{"line":276,"column":59},"end":{"line":278,"column":1}},"line":276},"23":{"name":"(anonymous_23)","decl":{"start":{"line":277,"column":60},"end":{"line":277,"column":61}},"loc":{"start":{"line":277,"column":66},"end":{"line":277,"column":97}},"line":277},"24":{"name":"parseHTML","decl":{"start":{"line":280,"column":16},"end":{"line":280,"column":25}},"loc":{"start":{"line":280,"column":49},"end":{"line":284,"column":1}},"line":280}},"branchMap":{"0":{"loc":{"start":{"line":45,"column":1},"end":{"line":47,"column":2}},"type":"if","locations":[{"start":{"line":45,"column":1},"end":{"line":47,"column":2}},{"start":{"line":45,"column":1},"end":{"line":47,"column":2}}],"line":45},"1":{"loc":{"start":{"line":57,"column":8},"end":{"line":57,"column":52}},"type":"binary-expr","locations":[{"start":{"line":57,"column":8},"end":{"line":57,"column":44}},{"start":{"line":57,"column":48},"end":{"line":57,"column":52}}],"line":57},"2":{"loc":{"start":{"line":87,"column":8},"end":{"line":87,"column":41}},"type":"cond-expr","locations":[{"start":{"line":87,"column":17},"end":{"line":87,"column":34}},{"start":{"line":87,"column":37},"end":{"line":87,"column":41}}],"line":87},"3":{"loc":{"start":{"line":93,"column":1},"end":{"line":95,"column":2}},"type":"if","locations":[{"start":{"line":93,"column":1},"end":{"line":95,"column":2}},{"start":{"line":93,"column":1},"end":{"line":95,"column":2}}],"line":93},"4":{"loc":{"start":{"line":103,"column":1},"end":{"line":105,"column":2}},"type":"if","locations":[{"start":{"line":103,"column":1},"end":{"line":105,"column":2}},{"start":{"line":103,"column":1},"end":{"line":105,"column":2}}],"line":103},"5":{"loc":{"start":{"line":117,"column":8},"end":{"line":117,"column":27}},"type":"cond-expr","locations":[{"start":{"line":117,"column":14},"end":{"line":117,"column":20}},{"start":{"line":117,"column":23},"end":{"line":117,"column":27}}],"line":117},"6":{"loc":{"start":{"line":123,"column":8},"end":{"line":123,"column":51}},"type":"cond-expr","locations":[{"start":{"line":123,"column":16},"end":{"line":123,"column":44}},{"start":{"line":123,"column":47},"end":{"line":123,"column":51}}],"line":123},"7":{"loc":{"start":{"line":136,"column":1},"end":{"line":138,"column":2}},"type":"if","locations":[{"start":{"line":136,"column":1},"end":{"line":138,"column":2}},{"start":{"line":136,"column":1},"end":{"line":138,"column":2}}],"line":136},"8":{"loc":{"start":{"line":143,"column":1},"end":{"line":149,"column":2}},"type":"if","locations":[{"start":{"line":143,"column":1},"end":{"line":149,"column":2}},{"start":{"line":143,"column":1},"end":{"line":149,"column":2}}],"line":143},"9":{"loc":{"start":{"line":146,"column":2},"end":{"line":148,"column":3}},"type":"if","locations":[{"start":{"line":146,"column":2},"end":{"line":148,"column":3}},{"start":{"line":146,"column":2},"end":{"line":148,"column":3}}],"line":146},"10":{"loc":{"start":{"line":185,"column":24},"end":{"line":185,"column":53}},"type":"cond-expr","locations":[{"start":{"line":185,"column":35},"end":{"line":185,"column":43}},{"start":{"line":185,"column":46},"end":{"line":185,"column":53}}],"line":185},"11":{"loc":{"start":{"line":187,"column":2},"end":{"line":189,"column":3}},"type":"if","locations":[{"start":{"line":187,"column":2},"end":{"line":189,"column":3}},{"start":{"line":187,"column":2},"end":{"line":189,"column":3}}],"line":187},"12":{"loc":{"start":{"line":201,"column":1},"end":{"line":204,"column":2}},"type":"if","locations":[{"start":{"line":201,"column":1},"end":{"line":204,"column":2}},{"start":{"line":201,"column":1},"end":{"line":204,"column":2}}],"line":201},"13":{"loc":{"start":{"line":209,"column":1},"end":{"line":226,"column":2}},"type":"if","locations":[{"start":{"line":209,"column":1},"end":{"line":226,"column":2}},{"start":{"line":209,"column":1},"end":{"line":226,"column":2}}],"line":209},"14":{"loc":{"start":{"line":218,"column":2},"end":{"line":225,"column":3}},"type":"if","locations":[{"start":{"line":218,"column":2},"end":{"line":225,"column":3}},{"start":{"line":218,"column":2},"end":{"line":225,"column":3}}],"line":218},"15":{"loc":{"start":{"line":231,"column":1},"end":{"line":233,"column":2}},"type":"if","locations":[{"start":{"line":231,"column":1},"end":{"line":233,"column":2}},{"start":{"line":231,"column":1},"end":{"line":233,"column":2}}],"line":231},"16":{"loc":{"start":{"line":241,"column":1},"end":{"line":243,"column":2}},"type":"if","locations":[{"start":{"line":241,"column":1},"end":{"line":243,"column":2}},{"start":{"line":241,"column":1},"end":{"line":243,"column":2}}],"line":241},"17":{"loc":{"start":{"line":249,"column":1},"end":{"line":249,"column":71}},"type":"if","locations":[{"start":{"line":249,"column":1},"end":{"line":249,"column":71}},{"start":{"line":249,"column":1},"end":{"line":249,"column":71}}],"line":249}},"s":{"0":2,"1":2,"2":6,"3":119,"4":118,"5":676,"6":656,"7":20,"8":106,"9":106,"10":118,"11":118,"12":118,"13":118,"14":118,"15":118,"16":3,"17":104,"18":104,"19":119,"20":119,"21":1,"22":118,"23":120,"24":120,"25":2,"26":118,"27":110,"28":110,"29":104,"30":104,"31":340,"32":6,"33":3,"34":3,"35":3,"36":3,"37":3,"38":3,"39":1,"40":3,"41":119,"42":119,"43":119,"44":119,"45":118,"46":118,"47":118,"48":118,"49":118,"50":118,"51":118,"52":5,"53":118,"54":118,"55":118,"56":118,"57":118,"58":110,"59":110,"60":118,"61":118,"62":106,"63":106,"64":106,"65":106,"66":106,"67":104,"68":104,"69":104,"70":118,"71":118,"72":12,"73":118,"74":12,"75":12,"76":11,"77":1,"78":7,"79":1,"80":6,"81":6,"82":6,"83":6,"84":6,"85":117,"86":117,"87":117,"88":116,"89":6,"90":6,"91":6,"92":2,"93":22,"94":4,"95":4,"96":4},"f":{"0":6,"1":119,"2":118,"3":676,"4":106,"5":106,"6":118,"7":118,"8":118,"9":118,"10":118,"11":3,"12":104,"13":119,"14":120,"15":110,"16":104,"17":340,"18":6,"19":119,"20":12,"21":7,"22":2,"23":22,"24":4},"b":{"0":[656,20],"1":[106,2],"2":[104,0],"3":[1,118],"4":[2,118],"5":[110,0],"6":[98,6],"7":[3,3],"8":[3,0],"9":[1,2],"10":[5,113],"11":[5,113],"12":[110,8],"13":[106,12],"14":[104,2],"15":[12,106],"16":[11,1],"17":[1,6]},"_coverageSchema":"1a1c01bbd47fc00a2c39e90264f33305004495a9","hash":"6683aab1674f51afa6889bd340d297184b68b2d7"}
}
