TN:
SF:src\parser.ts
FN:14,getResolution
FN:29,getSource
FN:34,(anonymous_2)
FN:51,getValidYear
FN:72,getReleaser
FN:85,createRange
FN:110,getSeriesInfo
FN:127,(anonymous_7)
FN:171,parseTorrentName
FNF:9
FNH:9
FNDA:127,getResolution
FNDA:124,getSource
FNDA:284,(anonymous_2)
FNDA:121,getValidYear
FNDA:120,getReleaser
FNDA:2,createRange
FNDA:15,getSeriesInfo
FNDA:6,(anonymous_7)
FNDA:118,parseTorrentName
DA:15,127
DA:16,127
DA:20,2
DA:21,2
DA:22,2
DA:31,124
DA:32,124
DA:33,71
DA:34,284
DA:39,53
DA:53,121
DA:55,121
DA:56,31
DA:59,90
DA:61,90
DA:74,120
DA:75,120
DA:86,2
DA:88,2
DA:89,24
DA:92,2
DA:113,15
DA:114,15
DA:115,2
DA:123,13
DA:124,13
DA:125,4
DA:127,6
DA:129,4
DA:149,9
DA:150,9
DA:151,7
DA:159,2
DA:160,2
DA:161,1
DA:168,1
DA:172,118
LF:37
LH:37
BRDA:14,0,0,123
BRDA:16,1,0,64
BRDA:16,1,1,63
BRDA:16,2,0,127
BRDA:16,2,1,64
BRDA:16,3,0,4
BRDA:16,3,1,60
BRDA:32,4,0,71
BRDA:32,4,1,53
BRDA:34,5,0,26
BRDA:34,5,1,258
BRDA:55,6,0,31
BRDA:55,6,1,90
BRDA:61,7,0,88
BRDA:61,7,1,2
BRDA:61,8,0,90
BRDA:61,8,1,89
BRDA:75,9,0,93
BRDA:75,9,1,27
BRDA:75,10,0,120
BRDA:75,10,1,93
BRDA:114,11,0,2
BRDA:114,11,1,13
BRDA:124,12,0,4
BRDA:124,12,1,9
BRDA:150,13,0,7
BRDA:150,13,1,2
BRDA:160,14,0,1
BRDA:160,14,1,1
BRF:29
BRH:29
end_of_record
TN:
SF:src\scraper.ts
FN:31,getRowsFromBody
FN:35,getTorrentLink
FN:40,getInfobarImage
FN:44,readAttr
FN:52,getSpanFromSiterank
FN:56,getInfoLinkFromSiterank
FN:60,getSiterank
FN:64,getTorrentCategoryLink
FN:68,getTorrentUpload
FN:73,getTorrentSize
FN:77,getTorrentSeeds
FN:81,getPage
FN:85,parseImdbIdFromURL
FN:90,parseTorrentCategoryFromUrl
FN:100,parseTorrentIdFromURL
FN:110,parseCoverLinkFromMouseOverScript
FN:120,parseImdbRating
FN:131,getTextContent
FN:135,getPageCountFromLinks
FN:154,getTorrentInfoFromRow
FN:238,getTorrentTitleFromName
FN:248,getTorrentsFromBody
FN:276,getPassKey
FN:277,(anonymous_23)
FN:280,parseHTML
FNF:25
FNH:25
FNDA:4,getRowsFromBody
FNDA:119,getTorrentLink
FNDA:118,getInfobarImage
FNDA:676,readAttr
FNDA:106,getSpanFromSiterank
FNDA:106,getInfoLinkFromSiterank
FNDA:118,getSiterank
FNDA:118,getTorrentCategoryLink
FNDA:118,getTorrentUpload
FNDA:118,getTorrentSize
FNDA:118,getTorrentSeeds
FNDA:3,getPage
FNDA:104,parseImdbIdFromURL
FNDA:119,parseTorrentCategoryFromUrl
FNDA:120,parseTorrentIdFromURL
FNDA:110,parseCoverLinkFromMouseOverScript
FNDA:104,parseImdbRating
FNDA:340,getTextContent
FNDA:4,getPageCountFromLinks
FNDA:119,getTorrentInfoFromRow
FNDA:12,getTorrentTitleFromName
FNDA:5,getTorrentsFromBody
FNDA:1,getPassKey
FNDA:11,(anonymous_23)
FNDA:1,parseHTML
DA:7,1
DA:8,1
DA:32,4
DA:37,119
DA:41,118
DA:45,676
DA:46,656
DA:49,20
DA:53,106
DA:57,106
DA:61,118
DA:65,118
DA:69,118
DA:70,118
DA:74,118
DA:78,118
DA:82,3
DA:86,104
DA:87,104
DA:91,119
DA:93,119
DA:94,1
DA:97,118
DA:101,120
DA:103,120
DA:104,2
DA:107,118
DA:111,110
DA:117,110
DA:122,104
DA:123,104
DA:132,340
DA:136,4
DA:137,1
DA:140,3
DA:141,3
DA:143,3
DA:145,3
DA:146,3
DA:147,1
DA:151,3
DA:155,119
DA:172,119
DA:175,119
DA:176,119
DA:179,118
DA:180,118
DA:181,118
DA:182,118
DA:184,118
DA:185,118
DA:187,118
DA:188,5
DA:193,118
DA:195,118
DA:197,118
DA:200,118
DA:201,118
DA:202,110
DA:203,110
DA:207,118
DA:209,118
DA:210,106
DA:211,106
DA:212,106
DA:216,106
DA:218,106
DA:220,104
DA:221,104
DA:224,104
DA:228,118
DA:231,118
DA:232,12
DA:235,118
DA:239,12
DA:241,12
DA:242,11
DA:245,1
DA:249,5
DA:251,4
DA:252,4
DA:254,4
DA:255,117
DA:257,117
DA:258,117
DA:260,116
DA:267,4
DA:268,4
DA:270,4
DA:277,11
DA:281,1
DA:282,1
DA:283,1
LF:93
LH:93
BRDA:45,0,0,656
BRDA:45,0,1,20
BRDA:57,1,0,106
BRDA:57,1,1,2
BRDA:87,2,0,104
BRDA:87,2,1,0
BRDA:93,3,0,1
BRDA:93,3,1,118
BRDA:103,4,0,2
BRDA:103,4,1,118
BRDA:117,5,0,110
BRDA:117,5,1,0
BRDA:123,6,0,98
BRDA:123,6,1,6
BRDA:136,7,0,1
BRDA:136,7,1,3
BRDA:143,8,0,3
BRDA:143,8,1,0
BRDA:146,9,0,1
BRDA:146,9,1,2
BRDA:185,10,0,5
BRDA:185,10,1,113
BRDA:187,11,0,5
BRDA:187,11,1,113
BRDA:201,12,0,110
BRDA:201,12,1,8
BRDA:209,13,0,106
BRDA:209,13,1,12
BRDA:218,14,0,104
BRDA:218,14,1,2
BRDA:231,15,0,12
BRDA:231,15,1,106
BRDA:241,16,0,11
BRDA:241,16,1,1
BRDA:249,17,0,1
BRDA:249,17,1,4
BRF:36
BRH:33
end_of_record
TN:
SF:src\mock\empty-list.ts
FNF:0
FNH:0
LF:0
LH:0
BRF:0
BRH:0
end_of_record
TN:
SF:src\mock\last-page.ts
FNF:0
FNH:0
LF:0
LH:0
BRF:0
BRH:0
end_of_record
TN:
SF:src\mock\mixed-list.ts
FNF:0
FNH:0
LF:0
LH:0
BRF:0
BRH:0
end_of_record
TN:
SF:src\mock\profile.ts
FNF:0
FNH:0
LF:0
LH:0
BRF:0
BRH:0
end_of_record
TN:
SF:src\mock\torrent-list.ts
FNF:0
FNH:0
LF:0
LH:0
BRF:0
BRH:0
end_of_record
