TN:
SF:mock\empty-list.ts
FNF:0
FNH:0
LF:0
LH:0
BRF:0
BRH:0
end_of_record
TN:
SF:mock\index.ts
FNF:0
FNH:0
LF:0
LH:0
BRF:0
BRH:0
end_of_record
TN:
SF:mock\last-page.ts
FNF:0
FNH:0
LF:0
LH:0
BRF:0
BRH:0
end_of_record
TN:
SF:mock\malformed-row.ts
FNF:0
FNH:0
LF:0
LH:0
BRF:0
BRH:0
end_of_record
TN:
SF:mock\mixed-list.ts
FNF:0
FNH:0
LF:0
LH:0
BRF:0
BRH:0
end_of_record
TN:
SF:mock\profile.ts
FNF:0
FNH:0
LF:0
LH:0
BRF:0
BRH:0
end_of_record
TN:
SF:mock\torrent-list.ts
FNF:0
FNH:0
LF:0
LH:0
BRF:0
BRH:0
end_of_record
TN:
SF:mock\torrent-row.ts
FNF:0
FNH:0
LF:0
LH:0
BRF:0
BRH:0
end_of_record
TN:
SF:src\api.ts
FN:7,fetchHTML
FN:12,encodePair
FN:16,objectToUri
FN:36,getPassKey
FN:41,getTorrents
FN:62,fetchTorrents
FN:80,fetchByTitle
FN:91,fetchByIMDB
FNF:8
FNH:8
FNDA:3,fetchHTML
FNDA:14,encodePair
FNDA:3,objectToUri
FNDA:1,getPassKey
FNDA:2,getTorrents
FNDA:2,fetchTorrents
FNDA:1,fetchByTitle
FNDA:1,fetchByIMDB
DA:4,1
DA:5,1
DA:8,3
DA:13,14
DA:17,3
DA:19,3
DA:20,13
DA:21,1
DA:24,12
DA:25,3
DA:26,5
DA:29,9
DA:33,3
DA:37,1
DA:38,1
DA:44,2
DA:45,1
DA:47,1
DA:50,2
DA:63,2
DA:81,1
DA:92,1
LF:22
LH:22
BRDA:16,0,0,0
BRDA:20,1,0,1
BRDA:20,1,1,12
BRDA:24,2,0,3
BRDA:24,2,1,9
BRDA:44,3,0,1
BRDA:44,3,1,1
BRF:7
BRH:6
end_of_record
TN:
SF:src\scraper.ts
FN:31,getRowsFromBody
FN:35,getTorrentLink
FN:40,getInfobarImage
FN:44,readAttr
FN:52,getSpanFromSiterank
FN:56,getInfoLinkFromSiterank
FN:60,getSiterank
FN:64,getTorrentCategoryLink
FN:68,getTorrentUpload
FN:73,getTorrentSize
FN:77,getTorrentSeeds
FN:81,getPage
FN:85,parseImdbIdFromURL
FN:90,parseTorrentCategoryFromUrl
FN:100,parseTorrentIdFromURL
FN:110,parseCoverLinkFromMouseOverScript
FN:120,parseImdbRating
FN:131,getTextContent
FN:135,getPageCountFromLinks
FN:154,getTorrentInfoFromRow
FN:238,getTorrentTitleFromName
FN:248,getTorrentsFromBody
FN:276,findPassKey
FN:277,(anonymous_23)
FN:280,parseHTML
FNF:25
FNH:25
FNDA:6,getRowsFromBody
FNDA:119,getTorrentLink
FNDA:118,getInfobarImage
FNDA:676,readAttr
FNDA:106,getSpanFromSiterank
FNDA:106,getInfoLinkFromSiterank
FNDA:118,getSiterank
FNDA:118,getTorrentCategoryLink
FNDA:118,getTorrentUpload
FNDA:118,getTorrentSize
FNDA:118,getTorrentSeeds
FNDA:3,getPage
FNDA:104,parseImdbIdFromURL
FNDA:119,parseTorrentCategoryFromUrl
FNDA:120,parseTorrentIdFromURL
FNDA:110,parseCoverLinkFromMouseOverScript
FNDA:104,parseImdbRating
FNDA:340,getTextContent
FNDA:6,getPageCountFromLinks
FNDA:119,getTorrentInfoFromRow
FNDA:12,getTorrentTitleFromName
FNDA:7,getTorrentsFromBody
FNDA:2,findPassKey
FNDA:22,(anonymous_23)
FNDA:4,parseHTML
DA:7,2
DA:8,2
DA:32,6
DA:37,119
DA:41,118
DA:45,676
DA:46,656
DA:49,20
DA:53,106
DA:57,106
DA:61,118
DA:65,118
DA:69,118
DA:70,118
DA:74,118
DA:78,118
DA:82,3
DA:86,104
DA:87,104
DA:91,119
DA:93,119
DA:94,1
DA:97,118
DA:101,120
DA:103,120
DA:104,2
DA:107,118
DA:111,110
DA:117,110
DA:122,104
DA:123,104
DA:132,340
DA:136,6
DA:137,3
DA:140,3
DA:141,3
DA:143,3
DA:145,3
DA:146,3
DA:147,1
DA:151,3
DA:155,119
DA:172,119
DA:175,119
DA:176,119
DA:179,118
DA:180,118
DA:181,118
DA:182,118
DA:184,118
DA:185,118
DA:187,118
DA:188,5
DA:193,118
DA:195,118
DA:197,118
DA:200,118
DA:201,118
DA:202,110
DA:203,110
DA:207,118
DA:209,118
DA:210,106
DA:211,106
DA:212,106
DA:216,106
DA:218,106
DA:220,104
DA:221,104
DA:224,104
DA:228,118
DA:231,118
DA:232,12
DA:235,118
DA:239,12
DA:241,12
DA:242,11
DA:245,1
DA:249,7
DA:251,6
DA:252,6
DA:254,6
DA:255,117
DA:257,117
DA:258,117
DA:260,116
DA:267,6
DA:268,6
DA:270,6
DA:277,22
DA:281,4
DA:282,4
DA:283,4
LF:93
LH:93
BRDA:45,0,0,656
BRDA:45,0,1,20
BRDA:57,1,0,106
BRDA:57,1,1,2
BRDA:87,2,0,104
BRDA:87,2,1,0
BRDA:93,3,0,1
BRDA:93,3,1,118
BRDA:103,4,0,2
BRDA:103,4,1,118
BRDA:117,5,0,110
BRDA:117,5,1,0
BRDA:123,6,0,98
BRDA:123,6,1,6
BRDA:136,7,0,3
BRDA:136,7,1,3
BRDA:143,8,0,3
BRDA:143,8,1,0
BRDA:146,9,0,1
BRDA:146,9,1,2
BRDA:185,10,0,5
BRDA:185,10,1,113
BRDA:187,11,0,5
BRDA:187,11,1,113
BRDA:201,12,0,110
BRDA:201,12,1,8
BRDA:209,13,0,106
BRDA:209,13,1,12
BRDA:218,14,0,104
BRDA:218,14,1,2
BRDA:231,15,0,12
BRDA:231,15,1,106
BRDA:241,16,0,11
BRDA:241,16,1,1
BRDA:249,17,0,1
BRDA:249,17,1,6
BRF:36
BRH:33
end_of_record
